<?xml version="1.0" encoding="UTF-8"?>
<testng-results skipped="0" failed="0" total="2" passed="2">
  <reporter-output>
  </reporter-output>
  <suite name="Suite" duration-ms="43339" started-at="2019-11-21T07:41:46Z" finished-at="2019-11-21T07:42:30Z">
    <groups>
    </groups>
    <test name="Test" duration-ms="43339" started-at="2019-11-21T07:41:46Z" finished-at="2019-11-21T07:42:30Z">
      <class name="com.test.Verifytest_me_app_registration">
        <test-method status="PASS" signature="verifyValidRegistration()[pri:0, instance:com.test.Verifytest_me_app_registration@13b6d03]" test-instance-name="" name="verifyValidRegistration" duration-ms="20703" started-at="2019-11-21T13:12:09Z" finished-at="2019-11-21T13:12:30Z">
          <reporter-output>
          </reporter-output>
        </test-method> <!-- verifyValidRegistration -->
      </class> <!-- com.test.Verifytest_me_app_registration -->
      <class name="com.test.Verifytest_me_app_Login">
        <test-method status="PASS" signature="verifyValidLogin()[pri:0, instance:com.test.Verifytest_me_app_Login@cbc42f]" name="verifyValidLogin" duration-ms="22608" started-at="2019-11-21T13:11:46Z" finished-at="2019-11-21T13:12:09Z">
          <reporter-output>
          </reporter-output>
        </test-method> <!-- verifyValidLogin -->
      </class> <!-- com.test.Verifytest_me_app_Login -->
    </test> <!-- Test -->
  </suite> <!-- Suite -->
</testng-results>
