<?xml version="1.0" encoding="UTF-8"?>
<testng-results skipped="0" failed="0" total="1" passed="1">
  <reporter-output>
  </reporter-output>
  <suite name="Default suite" duration-ms="139054" started-at="2019-11-25T11:04:13Z" finished-at="2019-11-25T11:06:33Z">
    <groups>
    </groups>
    <test name="Default test" duration-ms="139054" started-at="2019-11-25T11:04:13Z" finished-at="2019-11-25T11:06:33Z">
      <class name="com.acc.selenium_21_aug.ReadWriteExcel">
        <test-method status="PASS" signature="beforeTest()[pri:0, instance:com.acc.selenium_21_aug.ReadWriteExcel@9d209a]" name="beforeTest" is-config="true" duration-ms="12531" started-at="2019-11-25T16:34:13Z" finished-at="2019-11-25T16:34:26Z">
          <reporter-output>
          </reporter-output>
        </test-method> <!-- beforeTest -->
        <test-method status="PASS" signature="ReadWrite()[pri:0, instance:com.acc.selenium_21_aug.ReadWriteExcel@9d209a]" name="ReadWrite" duration-ms="124222" started-at="2019-11-25T16:34:26Z" finished-at="2019-11-25T16:36:30Z">
          <reporter-output>
          </reporter-output>
        </test-method> <!-- ReadWrite -->
        <test-method status="PASS" signature="afterTest()[pri:0, instance:com.acc.selenium_21_aug.ReadWriteExcel@9d209a]" name="afterTest" is-config="true" duration-ms="2279" started-at="2019-11-25T16:36:30Z" finished-at="2019-11-25T16:36:33Z">
          <reporter-output>
          </reporter-output>
        </test-method> <!-- afterTest -->
      </class> <!-- com.acc.selenium_21_aug.ReadWriteExcel -->
    </test> <!-- Default test -->
  </suite> <!-- Default suite -->
</testng-results>
